<?xml version="1.0" encoding="UTF-8"?>
<!-- Generated by org.testng.reporters.JUnitReportReporter -->
<testsuite hostname="DESKTOP-G9FIH29" failures="0" tests="1" name="Automation.HomePage" time="13.647" errors="0" timestamp="2021-07-01T18:31:08 IST" skipped="0">
  <testcase classname="Automation.HomePage" name="basePage" time="13.647"/>
  <system-out/>
</testsuite> <!-- Automation.HomePage -->
