<?xml version="1.0" encoding="UTF-8"?>
<!-- Generated by org.testng.reporters.JUnitReportReporter -->
<testsuite hostname="DESKTOP-G9FIH29" failures="0" tests="1" name="cucumberOptions.testRunner" time="115.897" errors="0" timestamp="2021-07-02T19:53:40 IST" skipped="0">
  <testcase classname="cucumberOptions.testRunner" name="feature" time="115.897"/>
  <system-out/>
</testsuite> <!-- cucumberOptions.testRunner -->
