<?xml version="1.0" encoding="UTF-8"?>
<!-- Generated by org.testng.reporters.JUnitReportReporter -->
<testsuite hostname="DESKTOP-G9FIH29" failures="0" tests="1" name="cucumberOptions.testRunner" time="92.678" errors="0" timestamp="2021-07-05T12:16:27 IST" skipped="0">
  <testcase classname="cucumberOptions.testRunner" name="feature" time="92.678"/>
  <system-out/>
</testsuite> <!-- cucumberOptions.testRunner -->
